Determining if the pthread_create exist failed with the following output:
Change Dir: /home/viki/workspace/Extra-Credit-Eclipse/cpp-boilerplate/import/CMakeFiles/CMakeTmp

Run Build Command:"/usr/bin/make" "cmTryCompileExec1919453052/fast"
/usr/bin/make -f CMakeFiles/cmTryCompileExec1919453052.dir/build.make CMakeFiles/cmTryCompileExec1919453052.dir/build
make[1]: Entering directory `/home/viki/workspace/Extra-Credit-Eclipse/cpp-boilerplate/import/CMakeFiles/CMakeTmp'
/usr/bin/cmake -E cmake_progress_report /home/viki/workspace/Extra-Credit-Eclipse/cpp-boilerplate/import/CMakeFiles/CMakeTmp/CMakeFiles 1
Building C object CMakeFiles/cmTryCompileExec1919453052.dir/CheckSymbolExists.c.o
/usr/bin/cc    -o CMakeFiles/cmTryCompileExec1919453052.dir/CheckSymbolExists.c.o   -c /home/viki/workspace/Extra-Credit-Eclipse/cpp-boilerplate/import/CMakeFiles/CMakeTmp/CheckSymbolExists.c
Linking C executable cmTryCompileExec1919453052
/usr/bin/cmake -E cmake_link_script CMakeFiles/cmTryCompileExec1919453052.dir/link.txt --verbose=1
/usr/bin/cc       CMakeFiles/cmTryCompileExec1919453052.dir/CheckSymbolExists.c.o  -o cmTryCompileExec1919453052 -rdynamic 
CMakeFiles/cmTryCompileExec1919453052.dir/CheckSymbolExists.c.o: In function `main':
CheckSymbolExists.c:(.text+0x16): undefined reference to `pthread_create'
collect2: error: ld returned 1 exit status
make[1]: Leaving directory `/home/viki/workspace/Extra-Credit-Eclipse/cpp-boilerplate/import/CMakeFiles/CMakeTmp'
make[1]: *** [cmTryCompileExec1919453052] Error 1
make: *** [cmTryCompileExec1919453052/fast] Error 2

File /home/viki/workspace/Extra-Credit-Eclipse/cpp-boilerplate/import/CMakeFiles/CMakeTmp/CheckSymbolExists.c:
/* */
#include <pthread.h>

int main(int argc, char** argv)
{
  (void)argv;
#ifndef pthread_create
  return ((int*)(&pthread_create))[argc];
#else
  (void)argc;
  return 0;
#endif
}

Determining if the function pthread_create exists in the pthreads failed with the following output:
Change Dir: /home/viki/workspace/Extra-Credit-Eclipse/cpp-boilerplate/import/CMakeFiles/CMakeTmp

Run Build Command:"/usr/bin/make" "cmTryCompileExec2615787689/fast"
/usr/bin/make -f CMakeFiles/cmTryCompileExec2615787689.dir/build.make CMakeFiles/cmTryCompileExec2615787689.dir/build
make[1]: Entering directory `/home/viki/workspace/Extra-Credit-Eclipse/cpp-boilerplate/import/CMakeFiles/CMakeTmp'
/usr/bin/cmake -E cmake_progress_report /home/viki/workspace/Extra-Credit-Eclipse/cpp-boilerplate/import/CMakeFiles/CMakeTmp/CMakeFiles 1
Building C object CMakeFiles/cmTryCompileExec2615787689.dir/CheckFunctionExists.c.o
/usr/bin/cc   -DCHECK_FUNCTION_EXISTS=pthread_create   -o CMakeFiles/cmTryCompileExec2615787689.dir/CheckFunctionExists.c.o   -c /usr/share/cmake-3.2/Modules/CheckFunctionExists.c
Linking C executable cmTryCompileExec2615787689
/usr/bin/cmake -E cmake_link_script CMakeFiles/cmTryCompileExec2615787689.dir/link.txt --verbose=1
/usr/bin/cc   -DCHECK_FUNCTION_EXISTS=pthread_create    CMakeFiles/cmTryCompileExec2615787689.dir/CheckFunctionExists.c.o  -o cmTryCompileExec2615787689 -rdynamic -lpthreads 
/usr/bin/ld: cannot find -lpthreads
collect2: error: ld returned 1 exit status
make[1]: Leaving directory `/home/viki/workspace/Extra-Credit-Eclipse/cpp-boilerplate/import/CMakeFiles/CMakeTmp'
make[1]: *** [cmTryCompileExec2615787689] Error 1
make: *** [cmTryCompileExec2615787689/fast] Error 2


